#
# There is insufficient memory for the Java Runtime Environment to continue.
# Native memory allocation (malloc) failed to allocate 1048576 bytes for AllocateHeap
# Possible reasons:
#   The system is out of physical RAM or swap space
#   The process is running with CompressedOops enabled, and the Java Heap may be blocking the growth of the native heap
# Possible solutions:
#   Reduce memory load on the system
#   Increase physical memory or swap space
#   Check if swap backing store is full
#   Decrease Java heap size (-Xmx/-Xms)
#   Decrease number of Java threads
#   Decrease Java thread stack sizes (-Xss)
#   Set larger code cache with -XX:ReservedCodeCacheSize=
#   JVM is running with Unscaled Compressed Oops mode in which the Java heap is
#     placed in the first 4GB address space. The Java Heap base address is the
#     maximum limit for the native heap growth. Please use -XX:HeapBaseMinAddress
#     to set the Java Heap base and to place the Java Heap above 4GB virtual address.
# This output file may be truncated or incomplete.
#
#  Out of Memory Error (memory/allocation.inline.hpp:61), pid=11440, tid=0x0000000000000510
#
# JRE version:  (8.0_202-b08) (build )
# Java VM: Java HotSpot(TM) 64-Bit Server VM (25.202-b08 mixed mode windows-amd64 compressed oops)
# Failed to write core dump. Minidumps are not enabled by default on client versions of Windows
#

---------------  T H R E A D  ---------------

Current thread (0x0000000002a32800):  JavaThread "Unknown thread" [_thread_in_vm, id=1296, stack(0x0000000002930000,0x0000000002a30000)]

Stack: [0x0000000002930000,0x0000000002a30000]
[error occurred during error reporting (printing stack bounds), id 0xc0000005]

Native frames: (J=compiled Java code, j=interpreted, Vv=VM code, C=native code)


---------------  P R O C E S S  ---------------

Java Threads: ( => current thread )

Other Threads:

=>0x0000000002a32800 (exited) JavaThread "Unknown thread" [_thread_in_vm, id=1296, stack(0x0000000002930000,0x0000000002a30000)]

VM state:not at safepoint (normal execution)

VM Mutex/Monitor currently owned by a thread: None

heap address: 0x0000000081800000, size: 2024 MB, Compressed Oops mode: 32-bit
Narrow klass base: 0x0000000000000000, Narrow klass shift: 3
Compressed class space size: 1073741824 Address: 0x0000000100000000

Heap:
 PSYoungGen      total 38400K, used 665K [0x00000000d5d80000, 0x00000000d8800000, 0x0000000100000000)
  eden space 33280K, 2% used [0x00000000d5d80000,0x00000000d5e26670,0x00000000d7e00000)
  from space 5120K, 0% used [0x00000000d8300000,0x00000000d8300000,0x00000000d8800000)
  to   space 5120K, 0% used [0x00000000d7e00000,0x00000000d7e00000,0x00000000d8300000)
 ParOldGen       total 87552K, used 0K [0x0000000081800000, 0x0000000086d80000, 0x00000000d5d80000)
  object space 87552K, 0% used [0x0000000081800000,0x0000000081800000,0x0000000086d80000)
 Metaspace       used 775K, capacity 4480K, committed 4480K, reserved 1056768K
  class space    used 76K, capacity 384K, committed 384K, reserved 1048576K

Card table byte_map: [0x0000000011ef0000,0x00000000122f0000] byte_map_base: 0x0000000011ae4000

Marking Bits: (ParMarkBitMap*) 0x000000006b9b5ce0
 Begin Bits: [0x00000000129a0000, 0x0000000014940000)
 End Bits:   [0x0000000014940000, 0x00000000168e0000)

Polling page: 0x0000000001050000

CodeCache: size=245760Kb used=328Kb max_used=328Kb free=245431Kb
 bounds [0x0000000002b30000, 0x0000000002da0000, 0x0000000011b30000]
 total_blobs=58 nmethods=0 adapters=38
 compilation: enabled

Compilation events (0 events):
No events

GC Heap History (0 events):
No events

Deoptimization events (0 events):
No events

Classes redefined (0 events):
No events

Internal exceptions (0 events):
No events

Events (10 events):
Event: 0.043 loading class java/lang/Short
Event: 0.044 loading class java/lang/Short done
Event: 0.044 loading class java/lang/Integer
Event: 0.044 loading class java/lang/Integer done
Event: 0.044 loading class java/lang/Long
Event: 0.044 loading class java/lang/Long done
Event: 0.045 loading class java/lang/NullPointerException
Event: 0.045 loading class java/lang/NullPointerException done
Event: 0.045 loading class java/lang/ArithmeticException
Event: 0.045 loading class java/lang/ArithmeticException done


Dynamic libraries:
0x00007ff7134f0000 - 0x00007ff713527000 	C:\Program Files\Java\jdk1.8.0_202\bin\java.exe
0x00007ffe2e730000 - 0x00007ffe2e925000 	C:\Windows\SYSTEM32\ntdll.dll
0x00007ffe2c790000 - 0x00007ffe2c84e000 	C:\Windows\System32\KERNEL32.DLL
0x00007ffe2c080000 - 0x00007ffe2c348000 	C:\Windows\System32\KERNELBASE.dll
0x00007ffe2e130000 - 0x00007ffe2e1de000 	C:\Windows\System32\ADVAPI32.dll
0x00007ffe2c860000 - 0x00007ffe2c8fe000 	C:\Windows\System32\msvcrt.dll
0x00007ffe2ced0000 - 0x00007ffe2cf6c000 	C:\Windows\System32\sechost.dll
0x00007ffe2d570000 - 0x00007ffe2d695000 	C:\Windows\System32\RPCRT4.dll
0x00007ffe2d220000 - 0x00007ffe2d3c0000 	C:\Windows\System32\USER32.dll
0x00007ffe2c050000 - 0x00007ffe2c072000 	C:\Windows\System32\win32u.dll
0x00007ffe2d1e0000 - 0x00007ffe2d20a000 	C:\Windows\System32\GDI32.dll
0x00007ffe2c3f0000 - 0x00007ffe2c4fb000 	C:\Windows\System32\gdi32full.dll
0x00007ffe2c350000 - 0x00007ffe2c3ed000 	C:\Windows\System32\msvcp_win.dll
0x00007ffe2bea0000 - 0x00007ffe2bfa0000 	C:\Windows\System32\ucrtbase.dll
0x00007ffe23700000 - 0x00007ffe2399a000 	C:\Windows\WinSxS\amd64_microsoft.windows.common-controls_6595b64144ccf1df_6.0.19041.1110_none_60b5254171f9507e\COMCTL32.dll
0x00007ffe2d470000 - 0x00007ffe2d4a0000 	C:\Windows\System32\IMM32.DLL
0x000000006b0b0000 - 0x000000006b182000 	C:\Program Files\Java\jdk1.8.0_202\jre\bin\msvcr100.dll
0x000000006b190000 - 0x000000006ba35000 	C:\Program Files\Java\jdk1.8.0_202\jre\bin\server\jvm.dll
0x00007ffe2c850000 - 0x00007ffe2c858000 	C:\Windows\System32\PSAPI.DLL
0x00007ffe296f0000 - 0x00007ffe296f9000 	C:\Windows\SYSTEM32\WSOCK32.dll
0x00007ffe2e680000 - 0x00007ffe2e6eb000 	C:\Windows\System32\WS2_32.dll
0x00007ffe23fa0000 - 0x00007ffe23fc7000 	C:\Windows\SYSTEM32\WINMM.dll
0x00007ffe25b60000 - 0x00007ffe25b6a000 	C:\Windows\SYSTEM32\VERSION.dll
0x00007ffe27a00000 - 0x00007ffe27a0f000 	C:\Program Files\Java\jdk1.8.0_202\jre\bin\verify.dll
0x00007ffe1e460000 - 0x00007ffe1e489000 	C:\Program Files\Java\jdk1.8.0_202\jre\bin\java.dll
0x00007ffe26cd0000 - 0x00007ffe26ce6000 	C:\Program Files\Java\jdk1.8.0_202\jre\bin\zip.dll

VM Arguments:
jvm_args: -Dclassworlds.conf=C:\Program Files\NetBeans-13\netbeans\java\maven\bin\m2.conf -Dmaven.home=C:\Program Files\NetBeans-13\netbeans\java\maven -Dlibrary.jansi.path=C:\Program Files\NetBeans-13\netbeans\java\maven\lib\jansi-native -Dmaven.multiModuleProjectDirectory=C:\Users\Admin\Documents\NetBeansProjects\QuanLyGiaoHang 
java_command: org.codehaus.plexus.classworlds.launcher.Launcher -Dnetbeans.deploy=true -Dexec.vmArgs= -Dexec.appArgs= -Dmaven.ext.class.path=C:\Program Files\NetBeans-13\netbeans\java\maven-nblib\netbeans-eventspy.jar -Dfile.encoding=UTF-8 package
java_class_path (initial): C:\Program Files\NetBeans-13\netbeans\java\maven\boot\plexus-classworlds-2.6.0.jar
Launcher Type: SUN_STANDARD

Environment Variables:
JAVA_HOME=C:\Program Files\Java\jdk1.8.0_202
PATH=C:\Program Files (x86)\Common Files\Oracle\Java\javapath;C:\Windows\system32;C:\Windows;C:\Windows\System32\Wbem;C:\Windows\System32\WindowsPowerShell\v1.0\;C:\Windows\System32\OpenSSH\;C:\Users\Admin\AppData\Local\Microsoft\WindowsApps;
USERNAME=Admin
OS=Windows_NT
PROCESSOR_IDENTIFIER=Intel64 Family 6 Model 69 Stepping 1, GenuineIntel



---------------  S Y S T E M  ---------------

OS: Windows 10.0 , 64 bit Build 19041 (10.0.19041.1645)

CPU:total 4 (initial active 4) (2 cores per cpu, 2 threads per core) family 6 model 69 stepping 1, cmov, cx8, fxsr, mmx, sse, sse2, sse3, ssse3, sse4.1, sse4.2, popcnt, avx, avx2, aes, clmul, erms, lzcnt, ht, tsc, tscinvbit, bmi1, bmi2

Memory: 4k page, physical 8290136k(431672k free), swap 23904468k(6672k free)

vm_info: Java HotSpot(TM) 64-Bit Server VM (25.202-b08) for windows-amd64 JRE (1.8.0_202-b08), built on Dec 15 2018 19:54:30 by "java_re" with MS VC++ 10.0 (VS2010)

time: Sat Apr 30 17:58:23 2022
timezone: SE Asia Standard Time
elapsed time: 0 seconds (0d 0h 0m 0s)

